{"level":"info","message":"🚀 Server is running on port 3000","timestamp":"2025-08-05T15:37:37.238Z"}
{"level":"info","message":"📚 API Documentation available at http://localhost:3000/api-docs","timestamp":"2025-08-05T15:37:37.242Z"}
{"level":"info","message":"🏥 Health check available at http://localhost:3000/health","timestamp":"2025-08-05T15:37:37.242Z"}
{"level":"info","message":"Connected to SQLite database","timestamp":"2025-08-05T15:37:37.243Z"}
{"code":"SQLITE_ERROR","errno":1,"level":"error","message":"Error clearing all cached sums: SQLITE_ERROR: no such table: cached_sums","stack":"Error: SQLITE_ERROR: no such table: cached_sums","timestamp":"2025-08-05T15:37:37.245Z"}
{"level":"info","message":"Database tables initialized","timestamp":"2025-08-05T15:37:37.246Z"}
{"level":"info","message":"All cached sums cleared","timestamp":"2025-08-05T15:37:37.246Z"}
{"level":"info","message":"Processing sum request for 5 numbers","timestamp":"2025-08-05T15:37:37.258Z"}
{"level":"info","message":"Computing new sum","timestamp":"2025-08-05T15:37:37.268Z"}
{"level":"info","message":"Cached sum saved with ID: 90c7c6fb-5101-4978-89cf-769832fb3ddf","timestamp":"2025-08-05T15:37:37.268Z"}
{"level":"info","message":"Sum computed successfully: 15","timestamp":"2025-08-05T15:37:37.269Z"}
{"level":"info","message":"Processing sum request for 5 numbers","timestamp":"2025-08-05T15:37:37.273Z"}
{"level":"info","message":"Returning cached result","timestamp":"2025-08-05T15:37:37.274Z"}
{"level":"info","message":"Cached sum updated with ID: 90c7c6fb-5101-4978-89cf-769832fb3ddf","timestamp":"2025-08-05T15:37:37.274Z"}
{"level":"info","message":"Sum computed successfully: 15","timestamp":"2025-08-05T15:37:37.274Z"}
{"level":"info","message":"All cached sums cleared","timestamp":"2025-08-05T15:37:37.276Z"}
{"level":"info","message":"Processing sum request for 5 numbers","timestamp":"2025-08-05T15:37:37.278Z"}
{"level":"info","message":"Computing new sum","timestamp":"2025-08-05T15:37:37.278Z"}
{"level":"info","message":"Cached sum saved with ID: b55da933-c821-4dd6-be80-ba5e713a0d9f","timestamp":"2025-08-05T15:37:37.279Z"}
{"level":"info","message":"Sum computed successfully: 15","timestamp":"2025-08-05T15:37:37.279Z"}
{"level":"info","message":"Processing sum request for 5 numbers","timestamp":"2025-08-05T15:37:37.280Z"}
{"level":"info","message":"Returning cached result","timestamp":"2025-08-05T15:37:37.281Z"}
{"level":"info","message":"Cached sum updated with ID: b55da933-c821-4dd6-be80-ba5e713a0d9f","timestamp":"2025-08-05T15:37:37.281Z"}
{"level":"info","message":"Sum computed successfully: 15","timestamp":"2025-08-05T15:37:37.281Z"}
{"level":"info","message":"All cached sums cleared","timestamp":"2025-08-05T15:37:37.282Z"}
{"0":{"field":"numbers","message":"At least one number is required"},"level":"warn","message":"Validation failed:","timestamp":"2025-08-05T15:37:37.286Z"}
{"level":"info","message":"All cached sums cleared","timestamp":"2025-08-05T15:37:37.287Z"}
{"0":{"field":"numbers","message":"Numbers array is required"},"level":"warn","message":"Validation failed:","timestamp":"2025-08-05T15:37:37.288Z"}
{"level":"info","message":"All cached sums cleared","timestamp":"2025-08-05T15:37:37.289Z"}
{"0":{"field":"numbers","message":"\"numbers\" must be an array"},"level":"warn","message":"Validation failed:","timestamp":"2025-08-05T15:37:37.291Z"}
{"level":"info","message":"All cached sums cleared","timestamp":"2025-08-05T15:37:37.291Z"}
{"0":{"field":"numbers","message":"Maximum 1000 numbers allowed"},"level":"warn","message":"Validation failed:","timestamp":"2025-08-05T15:37:37.294Z"}
{"level":"info","message":"All cached sums cleared","timestamp":"2025-08-05T15:37:37.294Z"}
{"level":"info","message":"Processing sum request for 5 numbers","timestamp":"2025-08-05T15:37:37.296Z"}
{"level":"info","message":"Computing new sum","timestamp":"2025-08-05T15:37:37.299Z"}
{"level":"info","message":"Cached sum saved with ID: aa318cd0-4acb-4375-8528-e9ca790a84e0","timestamp":"2025-08-05T15:37:37.300Z"}
{"level":"info","message":"Sum computed successfully: 3","timestamp":"2025-08-05T15:37:37.300Z"}
{"level":"info","message":"All cached sums cleared","timestamp":"2025-08-05T15:37:37.301Z"}
{"level":"info","message":"Processing sum request for 3 numbers","timestamp":"2025-08-05T15:37:37.302Z"}
{"level":"info","message":"Computing new sum","timestamp":"2025-08-05T15:37:37.303Z"}
{"level":"info","message":"Cached sum saved with ID: 5a52b58c-7db8-45ed-b961-aa4c5bc74bbc","timestamp":"2025-08-05T15:37:37.303Z"}
{"level":"info","message":"Sum computed successfully: 7","timestamp":"2025-08-05T15:37:37.303Z"}
{"level":"info","message":"All cached sums cleared","timestamp":"2025-08-05T15:37:37.304Z"}
{"level":"info","message":"Retrieving all cached sums","timestamp":"2025-08-05T15:37:37.305Z"}
{"level":"info","message":"Retrieved 0 cached sums","timestamp":"2025-08-05T15:37:37.305Z"}
{"level":"info","message":"All cached sums cleared","timestamp":"2025-08-05T15:37:37.307Z"}
{"level":"info","message":"Processing sum request for 3 numbers","timestamp":"2025-08-05T15:37:37.308Z"}
{"level":"info","message":"Computing new sum","timestamp":"2025-08-05T15:37:37.308Z"}
{"level":"info","message":"Cached sum saved with ID: 63fcd97b-bd72-492a-a552-055a9bf50ba2","timestamp":"2025-08-05T15:37:37.308Z"}
{"level":"info","message":"Sum computed successfully: 6","timestamp":"2025-08-05T15:37:37.309Z"}
{"level":"info","message":"Processing sum request for 3 numbers","timestamp":"2025-08-05T15:37:37.309Z"}
{"level":"info","message":"Computing new sum","timestamp":"2025-08-05T15:37:37.311Z"}
{"level":"info","message":"Cached sum saved with ID: e2106c1c-a4c8-4c2c-a2ee-c87254c9119e","timestamp":"2025-08-05T15:37:37.311Z"}
{"level":"info","message":"Sum computed successfully: 15","timestamp":"2025-08-05T15:37:37.311Z"}
{"level":"info","message":"Retrieving all cached sums","timestamp":"2025-08-05T15:37:37.312Z"}
{"level":"info","message":"Retrieved 2 cached sums","timestamp":"2025-08-05T15:37:37.313Z"}
{"level":"info","message":"All cached sums cleared","timestamp":"2025-08-05T15:37:37.315Z"}
{"level":"info","message":"Processing sum request for 3 numbers","timestamp":"2025-08-05T15:37:37.316Z"}
{"level":"info","message":"Computing new sum","timestamp":"2025-08-05T15:37:37.317Z"}
{"level":"info","message":"Cached sum saved with ID: f1621be8-94af-43ba-8189-83fcc0d3b600","timestamp":"2025-08-05T15:37:37.317Z"}
{"level":"info","message":"Sum computed successfully: 6","timestamp":"2025-08-05T15:37:37.317Z"}
{"level":"info","message":"Retrieving cached sum with ID: f1621be8-94af-43ba-8189-83fcc0d3b600","timestamp":"2025-08-05T15:37:37.318Z"}
{"level":"info","message":"All cached sums cleared","timestamp":"2025-08-05T15:37:37.319Z"}
{"level":"info","message":"Retrieving cached sum with ID: non-existent-id","timestamp":"2025-08-05T15:37:37.319Z"}
{"level":"info","message":"All cached sums cleared","timestamp":"2025-08-05T15:37:37.320Z"}
{"level":"info","message":"Processing sum request for 3 numbers","timestamp":"2025-08-05T15:37:37.323Z"}
{"level":"info","message":"Computing new sum","timestamp":"2025-08-05T15:37:37.324Z"}
{"level":"info","message":"Cached sum saved with ID: cdcdc1e5-8fc4-417e-935d-820a0a460a89","timestamp":"2025-08-05T15:37:37.324Z"}
{"level":"info","message":"Sum computed successfully: 6","timestamp":"2025-08-05T15:37:37.324Z"}
{"level":"info","message":"Deleting cached sum with ID: cdcdc1e5-8fc4-417e-935d-820a0a460a89","timestamp":"2025-08-05T15:37:37.325Z"}
{"level":"info","message":"Cached sum deleted with ID: cdcdc1e5-8fc4-417e-935d-820a0a460a89","timestamp":"2025-08-05T15:37:37.325Z"}
{"level":"info","message":"Cached sum deleted: cdcdc1e5-8fc4-417e-935d-820a0a460a89","timestamp":"2025-08-05T15:37:37.326Z"}
{"level":"info","message":"Retrieving cached sum with ID: cdcdc1e5-8fc4-417e-935d-820a0a460a89","timestamp":"2025-08-05T15:37:37.327Z"}
{"level":"info","message":"All cached sums cleared","timestamp":"2025-08-05T15:37:37.327Z"}
{"level":"info","message":"Processing sum request for 3 numbers","timestamp":"2025-08-05T15:37:37.328Z"}
{"level":"info","message":"Computing new sum","timestamp":"2025-08-05T15:37:37.328Z"}
{"level":"info","message":"Cached sum saved with ID: fa6ba9cb-31af-48e8-8205-2e0637ff6337","timestamp":"2025-08-05T15:37:37.329Z"}
{"level":"info","message":"Sum computed successfully: 6","timestamp":"2025-08-05T15:37:37.329Z"}
{"level":"info","message":"Processing sum request for 3 numbers","timestamp":"2025-08-05T15:37:37.329Z"}
{"level":"info","message":"Computing new sum","timestamp":"2025-08-05T15:37:37.330Z"}
{"level":"info","message":"Cached sum saved with ID: 33a2e727-cb63-43e0-bfd4-45745d660318","timestamp":"2025-08-05T15:37:37.330Z"}
{"level":"info","message":"Sum computed successfully: 15","timestamp":"2025-08-05T15:37:37.330Z"}
{"level":"info","message":"Clearing all cached sums","timestamp":"2025-08-05T15:37:37.332Z"}
{"level":"info","message":"All cached sums cleared","timestamp":"2025-08-05T15:37:37.332Z"}
{"level":"info","message":"All cached sums cleared","timestamp":"2025-08-05T15:37:37.332Z"}
{"level":"info","message":"Retrieving all cached sums","timestamp":"2025-08-05T15:37:37.334Z"}
{"level":"info","message":"Retrieved 0 cached sums","timestamp":"2025-08-05T15:37:37.335Z"}
{"level":"info","message":"All cached sums cleared","timestamp":"2025-08-05T15:37:37.335Z"}
{"level":"info","message":"All cached sums cleared","timestamp":"2025-08-05T15:37:37.336Z"}
{"level":"info","message":"Database connection closed","timestamp":"2025-08-05T15:37:37.347Z"}
{"level":"info","message":"Connected to SQLite database","timestamp":"2025-08-05T15:40:52.411Z"}
{"code":"SQLITE_ERROR","errno":1,"level":"error","message":"Error clearing all cached sums: SQLITE_ERROR: no such table: cached_sums","stack":"Error: SQLITE_ERROR: no such table: cached_sums","timestamp":"2025-08-05T15:40:52.420Z"}
{"level":"info","message":"Database tables initialized","timestamp":"2025-08-05T15:40:52.422Z"}
{"level":"info","message":"All cached sums cleared","timestamp":"2025-08-05T15:40:52.423Z"}
{"level":"info","message":"Processing sum request for 5 numbers","timestamp":"2025-08-05T15:40:52.425Z"}
{"level":"info","message":"Computing new sum","timestamp":"2025-08-05T15:40:52.428Z"}
{"level":"info","message":"Cached sum saved with ID: 6b9b9943-16e7-46b6-bb75-f6fbfced5650","timestamp":"2025-08-05T15:40:52.429Z"}
{"level":"info","message":"Processing sum request for 5 numbers","timestamp":"2025-08-05T15:40:52.429Z"}
{"level":"info","message":"Returning cached result","timestamp":"2025-08-05T15:40:52.433Z"}
{"level":"info","message":"Cached sum updated with ID: 6b9b9943-16e7-46b6-bb75-f6fbfced5650","timestamp":"2025-08-05T15:40:52.434Z"}
{"level":"info","message":"All cached sums cleared","timestamp":"2025-08-05T15:40:52.435Z"}
{"level":"info","message":"Processing sum request for 5 numbers","timestamp":"2025-08-05T15:40:52.436Z"}
{"level":"info","message":"Computing new sum","timestamp":"2025-08-05T15:40:52.436Z"}
{"level":"info","message":"Cached sum saved with ID: b5938921-2d7c-4892-b5b6-49f9e4681997","timestamp":"2025-08-05T15:40:52.437Z"}
{"level":"info","message":"Processing sum request for 5 numbers","timestamp":"2025-08-05T15:40:52.438Z"}
{"level":"info","message":"Returning cached result","timestamp":"2025-08-05T15:40:52.439Z"}
{"level":"info","message":"Cached sum updated with ID: b5938921-2d7c-4892-b5b6-49f9e4681997","timestamp":"2025-08-05T15:40:52.439Z"}
{"level":"info","message":"All cached sums cleared","timestamp":"2025-08-05T15:40:52.440Z"}
{"level":"info","message":"Processing sum request for 1 numbers","timestamp":"2025-08-05T15:40:52.440Z"}
{"level":"info","message":"Computing new sum","timestamp":"2025-08-05T15:40:52.441Z"}
{"level":"info","message":"Cached sum saved with ID: 3ad6053c-d18c-4267-b5c1-ba67859e6f80","timestamp":"2025-08-05T15:40:52.441Z"}
{"level":"info","message":"All cached sums cleared","timestamp":"2025-08-05T15:40:52.442Z"}
{"level":"info","message":"Processing sum request for 5 numbers","timestamp":"2025-08-05T15:40:52.442Z"}
{"level":"info","message":"Computing new sum","timestamp":"2025-08-05T15:40:52.443Z"}
{"level":"info","message":"Cached sum saved with ID: c0d66bf6-ebd6-4053-95b0-968a12449a09","timestamp":"2025-08-05T15:40:52.443Z"}
{"level":"info","message":"All cached sums cleared","timestamp":"2025-08-05T15:40:52.444Z"}
{"level":"info","message":"Processing sum request for 3 numbers","timestamp":"2025-08-05T15:40:52.444Z"}
{"level":"info","message":"Computing new sum","timestamp":"2025-08-05T15:40:52.449Z"}
{"level":"info","message":"Cached sum saved with ID: a97c03bd-61e4-453f-9991-e20eba3f4473","timestamp":"2025-08-05T15:40:52.449Z"}
{"level":"info","message":"All cached sums cleared","timestamp":"2025-08-05T15:40:52.450Z"}
{"level":"info","message":"Retrieving all cached sums","timestamp":"2025-08-05T15:40:52.450Z"}
{"level":"info","message":"All cached sums cleared","timestamp":"2025-08-05T15:40:52.451Z"}
{"level":"info","message":"Processing sum request for 3 numbers","timestamp":"2025-08-05T15:40:52.451Z"}
{"level":"info","message":"Computing new sum","timestamp":"2025-08-05T15:40:52.451Z"}
{"level":"info","message":"Cached sum saved with ID: 403bf5ce-a8a0-466e-a6a0-7f168b1c2f59","timestamp":"2025-08-05T15:40:52.452Z"}
{"level":"info","message":"Processing sum request for 3 numbers","timestamp":"2025-08-05T15:40:52.452Z"}
{"level":"info","message":"Computing new sum","timestamp":"2025-08-05T15:40:52.452Z"}
{"level":"info","message":"Cached sum saved with ID: b6fd000f-5ae3-48b0-98f7-b756e88c8e60","timestamp":"2025-08-05T15:40:52.452Z"}
{"level":"info","message":"Retrieving all cached sums","timestamp":"2025-08-05T15:40:52.453Z"}
{"level":"info","message":"All cached sums cleared","timestamp":"2025-08-05T15:40:52.453Z"}
{"level":"info","message":"Processing sum request for 3 numbers","timestamp":"2025-08-05T15:40:52.453Z"}
{"level":"info","message":"Computing new sum","timestamp":"2025-08-05T15:40:52.454Z"}
{"level":"info","message":"Cached sum saved with ID: 1b460d0f-1fb9-45b4-af91-dcffa68cd695","timestamp":"2025-08-05T15:40:52.454Z"}
{"level":"info","message":"Deleting cached sum with ID: 1b460d0f-1fb9-45b4-af91-dcffa68cd695","timestamp":"2025-08-05T15:40:52.455Z"}
{"level":"info","message":"Cached sum deleted with ID: 1b460d0f-1fb9-45b4-af91-dcffa68cd695","timestamp":"2025-08-05T15:40:52.456Z"}
{"level":"info","message":"Retrieving all cached sums","timestamp":"2025-08-05T15:40:52.457Z"}
{"level":"info","message":"All cached sums cleared","timestamp":"2025-08-05T15:40:52.458Z"}
{"level":"info","message":"Processing sum request for 3 numbers","timestamp":"2025-08-05T15:40:52.459Z"}
{"level":"info","message":"Computing new sum","timestamp":"2025-08-05T15:40:52.461Z"}
{"level":"info","message":"Cached sum saved with ID: c97d3f73-58f2-42f6-a825-1b9f610e7880","timestamp":"2025-08-05T15:40:52.461Z"}
{"level":"info","message":"Processing sum request for 3 numbers","timestamp":"2025-08-05T15:40:52.461Z"}
{"level":"info","message":"Computing new sum","timestamp":"2025-08-05T15:40:52.462Z"}
{"level":"info","message":"Cached sum saved with ID: 62aeb2c9-a1ec-45dc-8f81-2ae0fd6784ee","timestamp":"2025-08-05T15:40:52.462Z"}
{"level":"info","message":"Clearing all cached sums","timestamp":"2025-08-05T15:40:52.462Z"}
{"level":"info","message":"All cached sums cleared","timestamp":"2025-08-05T15:40:52.462Z"}
{"level":"info","message":"Retrieving all cached sums","timestamp":"2025-08-05T15:40:52.463Z"}
{"level":"info","message":"All cached sums cleared","timestamp":"2025-08-05T15:40:52.463Z"}
{"level":"info","message":"Processing sum request for 3 numbers","timestamp":"2025-08-05T15:40:52.464Z"}
{"level":"info","message":"Computing new sum","timestamp":"2025-08-05T15:40:52.464Z"}
{"level":"info","message":"Cached sum saved with ID: dd4b3800-d282-4391-840e-b81a04de6ae8","timestamp":"2025-08-05T15:40:52.464Z"}
{"level":"info","message":"Retrieving cached sum with ID: dd4b3800-d282-4391-840e-b81a04de6ae8","timestamp":"2025-08-05T15:40:52.464Z"}
{"level":"info","message":"All cached sums cleared","timestamp":"2025-08-05T15:40:52.465Z"}
{"level":"info","message":"Retrieving cached sum with ID: non-existent-id","timestamp":"2025-08-05T15:40:52.465Z"}
{"level":"info","message":"Database connection closed","timestamp":"2025-08-05T15:40:52.470Z"}
{"level":"info","message":"🚀 Server is running on port 3000","timestamp":"2025-08-05T15:40:52.682Z"}
{"level":"info","message":"📚 API Documentation available at http://localhost:3000/api-docs","timestamp":"2025-08-05T15:40:52.685Z"}
{"level":"info","message":"🏥 Health check available at http://localhost:3000/health","timestamp":"2025-08-05T15:40:52.687Z"}
{"level":"info","message":"Connected to SQLite database","timestamp":"2025-08-05T15:40:52.689Z"}
{"code":"SQLITE_ERROR","errno":1,"level":"error","message":"Error clearing all cached sums: SQLITE_ERROR: no such table: cached_sums","stack":"Error: SQLITE_ERROR: no such table: cached_sums","timestamp":"2025-08-05T15:40:52.691Z"}
{"level":"info","message":"Database tables initialized","timestamp":"2025-08-05T15:40:52.692Z"}
{"level":"info","message":"All cached sums cleared","timestamp":"2025-08-05T15:40:52.693Z"}
{"level":"info","message":"Processing sum request for 5 numbers","timestamp":"2025-08-05T15:40:52.707Z"}
{"level":"info","message":"Computing new sum","timestamp":"2025-08-05T15:40:52.709Z"}
{"level":"info","message":"Cached sum saved with ID: b9a10212-73dc-4c77-95ea-7bd09e768d6c","timestamp":"2025-08-05T15:40:52.710Z"}
{"level":"info","message":"Sum computed successfully: 15","timestamp":"2025-08-05T15:40:52.710Z"}
{"level":"info","message":"Processing sum request for 5 numbers","timestamp":"2025-08-05T15:40:52.715Z"}
{"level":"info","message":"Returning cached result","timestamp":"2025-08-05T15:40:52.715Z"}
{"level":"info","message":"Cached sum updated with ID: b9a10212-73dc-4c77-95ea-7bd09e768d6c","timestamp":"2025-08-05T15:40:52.716Z"}
{"level":"info","message":"Sum computed successfully: 15","timestamp":"2025-08-05T15:40:52.716Z"}
{"level":"info","message":"All cached sums cleared","timestamp":"2025-08-05T15:40:52.717Z"}
{"level":"info","message":"Processing sum request for 5 numbers","timestamp":"2025-08-05T15:40:52.719Z"}
{"level":"info","message":"Computing new sum","timestamp":"2025-08-05T15:40:52.719Z"}
{"level":"info","message":"Cached sum saved with ID: ce27a08a-9505-4501-879c-80647e8ea8ca","timestamp":"2025-08-05T15:40:52.721Z"}
{"level":"info","message":"Sum computed successfully: 15","timestamp":"2025-08-05T15:40:52.721Z"}
{"level":"info","message":"Processing sum request for 5 numbers","timestamp":"2025-08-05T15:40:52.724Z"}
{"level":"info","message":"Returning cached result","timestamp":"2025-08-05T15:40:52.724Z"}
{"level":"info","message":"Cached sum updated with ID: ce27a08a-9505-4501-879c-80647e8ea8ca","timestamp":"2025-08-05T15:40:52.725Z"}
{"level":"info","message":"Sum computed successfully: 15","timestamp":"2025-08-05T15:40:52.725Z"}
{"level":"info","message":"All cached sums cleared","timestamp":"2025-08-05T15:40:52.726Z"}
{"0":{"field":"numbers","message":"At least one number is required"},"level":"warn","message":"Validation failed:","timestamp":"2025-08-05T15:40:52.727Z"}
{"level":"info","message":"All cached sums cleared","timestamp":"2025-08-05T15:40:52.729Z"}
{"0":{"field":"numbers","message":"Numbers array is required"},"level":"warn","message":"Validation failed:","timestamp":"2025-08-05T15:40:52.730Z"}
{"level":"info","message":"All cached sums cleared","timestamp":"2025-08-05T15:40:52.732Z"}
{"0":{"field":"numbers","message":"\"numbers\" must be an array"},"level":"warn","message":"Validation failed:","timestamp":"2025-08-05T15:40:52.733Z"}
{"level":"info","message":"All cached sums cleared","timestamp":"2025-08-05T15:40:52.734Z"}
{"0":{"field":"numbers","message":"Maximum 1000 numbers allowed"},"level":"warn","message":"Validation failed:","timestamp":"2025-08-05T15:40:52.738Z"}
{"level":"info","message":"All cached sums cleared","timestamp":"2025-08-05T15:40:52.739Z"}
{"level":"info","message":"Processing sum request for 5 numbers","timestamp":"2025-08-05T15:40:52.742Z"}
{"level":"info","message":"Computing new sum","timestamp":"2025-08-05T15:40:52.743Z"}
{"level":"info","message":"Cached sum saved with ID: 649906c0-4089-4ff7-bb2b-195032cf865d","timestamp":"2025-08-05T15:40:52.743Z"}
{"level":"info","message":"Sum computed successfully: 3","timestamp":"2025-08-05T15:40:52.743Z"}
{"level":"info","message":"All cached sums cleared","timestamp":"2025-08-05T15:40:52.744Z"}
{"level":"info","message":"Processing sum request for 3 numbers","timestamp":"2025-08-05T15:40:52.745Z"}
{"level":"info","message":"Computing new sum","timestamp":"2025-08-05T15:40:52.745Z"}
{"level":"info","message":"Cached sum saved with ID: fa1b6ad8-151c-43b8-861b-39c7426e2446","timestamp":"2025-08-05T15:40:52.746Z"}
{"level":"info","message":"Sum computed successfully: 7","timestamp":"2025-08-05T15:40:52.746Z"}
{"level":"info","message":"All cached sums cleared","timestamp":"2025-08-05T15:40:52.747Z"}
{"level":"info","message":"Retrieving all cached sums","timestamp":"2025-08-05T15:40:52.748Z"}
{"level":"info","message":"Retrieved 0 cached sums","timestamp":"2025-08-05T15:40:52.751Z"}
{"level":"info","message":"All cached sums cleared","timestamp":"2025-08-05T15:40:52.752Z"}
{"level":"info","message":"Processing sum request for 3 numbers","timestamp":"2025-08-05T15:40:52.753Z"}
{"level":"info","message":"Computing new sum","timestamp":"2025-08-05T15:40:52.754Z"}
{"level":"info","message":"Cached sum saved with ID: 63c9f376-2b4f-45a3-b083-997b060e8fd8","timestamp":"2025-08-05T15:40:52.754Z"}
{"level":"info","message":"Sum computed successfully: 6","timestamp":"2025-08-05T15:40:52.754Z"}
{"level":"info","message":"Processing sum request for 3 numbers","timestamp":"2025-08-05T15:40:52.756Z"}
{"level":"info","message":"Computing new sum","timestamp":"2025-08-05T15:40:52.756Z"}
{"level":"info","message":"Cached sum saved with ID: b356cdb9-c9c5-4b79-b1bf-ee50b2dcd094","timestamp":"2025-08-05T15:40:52.757Z"}
{"level":"info","message":"Sum computed successfully: 15","timestamp":"2025-08-05T15:40:52.757Z"}
{"level":"info","message":"Retrieving all cached sums","timestamp":"2025-08-05T15:40:52.758Z"}
{"level":"info","message":"Retrieved 2 cached sums","timestamp":"2025-08-05T15:40:52.759Z"}
{"level":"info","message":"All cached sums cleared","timestamp":"2025-08-05T15:40:52.760Z"}
{"level":"info","message":"Processing sum request for 3 numbers","timestamp":"2025-08-05T15:40:52.761Z"}
{"level":"info","message":"Computing new sum","timestamp":"2025-08-05T15:40:52.761Z"}
{"level":"info","message":"Cached sum saved with ID: 8545117f-31a8-49b9-a3ab-8130f170b840","timestamp":"2025-08-05T15:40:52.762Z"}
{"level":"info","message":"Sum computed successfully: 6","timestamp":"2025-08-05T15:40:52.762Z"}
{"level":"info","message":"Retrieving cached sum with ID: 8545117f-31a8-49b9-a3ab-8130f170b840","timestamp":"2025-08-05T15:40:52.765Z"}
{"level":"info","message":"All cached sums cleared","timestamp":"2025-08-05T15:40:52.766Z"}
{"level":"info","message":"Retrieving cached sum with ID: non-existent-id","timestamp":"2025-08-05T15:40:52.767Z"}
{"level":"info","message":"All cached sums cleared","timestamp":"2025-08-05T15:40:52.768Z"}
{"level":"info","message":"Processing sum request for 3 numbers","timestamp":"2025-08-05T15:40:52.769Z"}
{"level":"info","message":"Computing new sum","timestamp":"2025-08-05T15:40:52.769Z"}
{"level":"info","message":"Cached sum saved with ID: c8cac21b-3d55-440d-a5bf-156698079b17","timestamp":"2025-08-05T15:40:52.769Z"}
{"level":"info","message":"Sum computed successfully: 6","timestamp":"2025-08-05T15:40:52.769Z"}
{"level":"info","message":"Deleting cached sum with ID: c8cac21b-3d55-440d-a5bf-156698079b17","timestamp":"2025-08-05T15:40:52.770Z"}
{"level":"info","message":"Cached sum deleted with ID: c8cac21b-3d55-440d-a5bf-156698079b17","timestamp":"2025-08-05T15:40:52.771Z"}
{"level":"info","message":"Cached sum deleted: c8cac21b-3d55-440d-a5bf-156698079b17","timestamp":"2025-08-05T15:40:52.771Z"}
{"level":"info","message":"Retrieving cached sum with ID: c8cac21b-3d55-440d-a5bf-156698079b17","timestamp":"2025-08-05T15:40:52.772Z"}
{"level":"info","message":"All cached sums cleared","timestamp":"2025-08-05T15:40:52.773Z"}
{"level":"info","message":"Processing sum request for 3 numbers","timestamp":"2025-08-05T15:40:52.774Z"}
{"level":"info","message":"Computing new sum","timestamp":"2025-08-05T15:40:52.775Z"}
{"level":"info","message":"Cached sum saved with ID: 724e2b5a-3e8a-42f3-b65e-babd288051ef","timestamp":"2025-08-05T15:40:52.776Z"}
{"level":"info","message":"Sum computed successfully: 6","timestamp":"2025-08-05T15:40:52.776Z"}
{"level":"info","message":"Processing sum request for 3 numbers","timestamp":"2025-08-05T15:40:52.777Z"}
{"level":"info","message":"Computing new sum","timestamp":"2025-08-05T15:40:52.777Z"}
{"level":"info","message":"Cached sum saved with ID: 02db63df-dfb8-424a-bfbb-f5622f282a3c","timestamp":"2025-08-05T15:40:52.777Z"}
{"level":"info","message":"Sum computed successfully: 15","timestamp":"2025-08-05T15:40:52.777Z"}
{"level":"info","message":"Clearing all cached sums","timestamp":"2025-08-05T15:40:52.778Z"}
{"level":"info","message":"All cached sums cleared","timestamp":"2025-08-05T15:40:52.778Z"}
{"level":"info","message":"All cached sums cleared","timestamp":"2025-08-05T15:40:52.779Z"}
{"level":"info","message":"Retrieving all cached sums","timestamp":"2025-08-05T15:40:52.779Z"}
{"level":"info","message":"Retrieved 0 cached sums","timestamp":"2025-08-05T15:40:52.780Z"}
{"level":"info","message":"All cached sums cleared","timestamp":"2025-08-05T15:40:52.780Z"}
{"level":"info","message":"All cached sums cleared","timestamp":"2025-08-05T15:40:52.782Z"}
{"level":"info","message":"Database connection closed","timestamp":"2025-08-05T15:40:52.795Z"}
{"level":"info","message":"Connected to SQLite database","timestamp":"2025-08-05T15:42:33.865Z"}
{"level":"info","message":"Database tables initialized","timestamp":"2025-08-05T15:42:33.880Z"}
{"level":"info","message":"Connected to SQLite database","timestamp":"2025-08-05T15:42:33.877Z"}
{"level":"info","message":"Database tables initialized","timestamp":"2025-08-05T15:42:33.904Z"}
{"level":"info","message":"Connected to SQLite database","timestamp":"2025-08-05T15:42:33.933Z"}
{"level":"info","message":"Database tables initialized","timestamp":"2025-08-05T15:42:33.937Z"}
{"level":"info","message":"Connected to SQLite database","timestamp":"2025-08-05T15:42:33.969Z"}
{"level":"info","message":"Database tables initialized","timestamp":"2025-08-05T15:42:33.974Z"}
{"level":"info","message":"All cached sums cleared","timestamp":"2025-08-05T15:42:33.976Z"}
{"level":"info","message":"Processing sum request for 5 numbers","timestamp":"2025-08-05T15:42:33.977Z"}
{"level":"info","message":"Computing new sum","timestamp":"2025-08-05T15:42:33.979Z"}
{"level":"info","message":"Cached sum saved with ID: b387ec52-9d57-486e-b262-126e96b7e756","timestamp":"2025-08-05T15:42:33.980Z"}
{"level":"info","message":"All cached sums cleared","timestamp":"2025-08-05T15:42:33.982Z"}
{"level":"info","message":"Processing sum request for 5 numbers","timestamp":"2025-08-05T15:42:33.983Z"}
{"level":"info","message":"Computing new sum","timestamp":"2025-08-05T15:42:33.983Z"}
{"level":"info","message":"Cached sum saved with ID: 6c8dc5e2-5f87-419e-af7e-9ff4aa77eb85","timestamp":"2025-08-05T15:42:33.984Z"}
{"level":"info","message":"Processing sum request for 5 numbers","timestamp":"2025-08-05T15:42:33.984Z"}
{"level":"info","message":"Returning cached result","timestamp":"2025-08-05T15:42:33.984Z"}
{"level":"info","message":"Cached sum updated with ID: 6c8dc5e2-5f87-419e-af7e-9ff4aa77eb85","timestamp":"2025-08-05T15:42:33.985Z"}
{"level":"info","message":"All cached sums cleared","timestamp":"2025-08-05T15:42:33.989Z"}
{"level":"info","message":"Processing sum request for 5 numbers","timestamp":"2025-08-05T15:42:33.989Z"}
{"level":"info","message":"Computing new sum","timestamp":"2025-08-05T15:42:33.990Z"}
{"level":"info","message":"Cached sum saved with ID: dfa252ee-7aae-4c14-8616-aa6817bd367b","timestamp":"2025-08-05T15:42:33.990Z"}
{"level":"info","message":"Processing sum request for 5 numbers","timestamp":"2025-08-05T15:42:33.990Z"}
{"level":"info","message":"Returning cached result","timestamp":"2025-08-05T15:42:33.991Z"}
{"level":"info","message":"Cached sum updated with ID: dfa252ee-7aae-4c14-8616-aa6817bd367b","timestamp":"2025-08-05T15:42:33.991Z"}
{"level":"info","message":"All cached sums cleared","timestamp":"2025-08-05T15:42:33.992Z"}
{"level":"info","message":"Processing sum request for 1 numbers","timestamp":"2025-08-05T15:42:33.992Z"}
{"level":"info","message":"Computing new sum","timestamp":"2025-08-05T15:42:33.992Z"}
{"level":"info","message":"Cached sum saved with ID: 230179d7-8dcf-40dd-8fdf-bc2fe18e9685","timestamp":"2025-08-05T15:42:33.993Z"}
{"level":"info","message":"All cached sums cleared","timestamp":"2025-08-05T15:42:33.993Z"}
{"level":"info","message":"Processing sum request for 5 numbers","timestamp":"2025-08-05T15:42:33.994Z"}
{"level":"info","message":"Computing new sum","timestamp":"2025-08-05T15:42:33.994Z"}
{"level":"info","message":"Cached sum saved with ID: e0999369-d009-48f3-8d93-88438ee5da92","timestamp":"2025-08-05T15:42:33.994Z"}
{"level":"info","message":"All cached sums cleared","timestamp":"2025-08-05T15:42:33.995Z"}
{"level":"info","message":"Processing sum request for 3 numbers","timestamp":"2025-08-05T15:42:33.995Z"}
{"level":"info","message":"Computing new sum","timestamp":"2025-08-05T15:42:33.996Z"}
{"level":"info","message":"Cached sum saved with ID: 3d23070d-2653-498b-9b93-f45357f8a119","timestamp":"2025-08-05T15:42:33.996Z"}
{"level":"info","message":"All cached sums cleared","timestamp":"2025-08-05T15:42:33.999Z"}
{"level":"info","message":"Retrieving all cached sums","timestamp":"2025-08-05T15:42:33.999Z"}
{"level":"info","message":"All cached sums cleared","timestamp":"2025-08-05T15:42:34.000Z"}
{"level":"info","message":"Processing sum request for 3 numbers","timestamp":"2025-08-05T15:42:34.000Z"}
{"level":"info","message":"Computing new sum","timestamp":"2025-08-05T15:42:34.001Z"}
{"level":"info","message":"Cached sum saved with ID: 6cecac9c-1a39-47f7-9194-d68d36560089","timestamp":"2025-08-05T15:42:34.001Z"}
{"level":"info","message":"Processing sum request for 3 numbers","timestamp":"2025-08-05T15:42:34.001Z"}
{"level":"info","message":"Computing new sum","timestamp":"2025-08-05T15:42:34.002Z"}
{"level":"info","message":"Cached sum saved with ID: d4bb40f7-1681-4952-bd94-05f14bc02efa","timestamp":"2025-08-05T15:42:34.002Z"}
{"level":"info","message":"Retrieving all cached sums","timestamp":"2025-08-05T15:42:34.002Z"}
{"level":"info","message":"All cached sums cleared","timestamp":"2025-08-05T15:42:34.008Z"}
{"level":"info","message":"Processing sum request for 3 numbers","timestamp":"2025-08-05T15:42:34.008Z"}
{"level":"info","message":"Computing new sum","timestamp":"2025-08-05T15:42:34.008Z"}
{"level":"info","message":"Cached sum saved with ID: 5ed9cb94-efaf-4a92-b0ad-0e0f69602f85","timestamp":"2025-08-05T15:42:34.009Z"}
{"level":"info","message":"Deleting cached sum with ID: 5ed9cb94-efaf-4a92-b0ad-0e0f69602f85","timestamp":"2025-08-05T15:42:34.009Z"}
{"level":"info","message":"Cached sum deleted with ID: 5ed9cb94-efaf-4a92-b0ad-0e0f69602f85","timestamp":"2025-08-05T15:42:34.010Z"}
{"level":"info","message":"Retrieving all cached sums","timestamp":"2025-08-05T15:42:34.010Z"}
{"level":"info","message":"All cached sums cleared","timestamp":"2025-08-05T15:42:34.011Z"}
{"level":"info","message":"Processing sum request for 3 numbers","timestamp":"2025-08-05T15:42:34.011Z"}
{"level":"info","message":"Computing new sum","timestamp":"2025-08-05T15:42:34.011Z"}
{"level":"info","message":"Cached sum saved with ID: 433aa233-939d-4758-8a15-32501fdda2c0","timestamp":"2025-08-05T15:42:34.012Z"}
{"level":"info","message":"Processing sum request for 3 numbers","timestamp":"2025-08-05T15:42:34.012Z"}
{"level":"info","message":"Computing new sum","timestamp":"2025-08-05T15:42:34.014Z"}
{"level":"info","message":"Cached sum saved with ID: 60ec6aab-0249-4e6c-926c-2d5c91813a50","timestamp":"2025-08-05T15:42:34.015Z"}
{"level":"info","message":"Clearing all cached sums","timestamp":"2025-08-05T15:42:34.015Z"}
{"level":"info","message":"All cached sums cleared","timestamp":"2025-08-05T15:42:34.015Z"}
{"level":"info","message":"Retrieving all cached sums","timestamp":"2025-08-05T15:42:34.016Z"}
{"level":"info","message":"All cached sums cleared","timestamp":"2025-08-05T15:42:34.016Z"}
{"level":"info","message":"Processing sum request for 3 numbers","timestamp":"2025-08-05T15:42:34.016Z"}
{"level":"info","message":"Computing new sum","timestamp":"2025-08-05T15:42:34.017Z"}
{"level":"info","message":"Cached sum saved with ID: fe63e0cb-9e55-481e-b29d-abec673e1037","timestamp":"2025-08-05T15:42:34.017Z"}
{"level":"info","message":"Retrieving cached sum with ID: fe63e0cb-9e55-481e-b29d-abec673e1037","timestamp":"2025-08-05T15:42:34.018Z"}
{"level":"info","message":"All cached sums cleared","timestamp":"2025-08-05T15:42:34.018Z"}
{"level":"info","message":"Retrieving cached sum with ID: non-existent-id","timestamp":"2025-08-05T15:42:34.018Z"}
{"level":"info","message":"Database connection closed","timestamp":"2025-08-05T15:42:34.030Z"}
{"level":"info","message":"🚀 Server is running on port 3000","timestamp":"2025-08-05T15:42:34.236Z"}
{"level":"info","message":"📚 API Documentation available at http://localhost:3000/api-docs","timestamp":"2025-08-05T15:42:34.239Z"}
{"level":"info","message":"🏥 Health check available at http://localhost:3000/health","timestamp":"2025-08-05T15:42:34.240Z"}
{"level":"info","message":"Connected to SQLite database","timestamp":"2025-08-05T15:42:34.241Z"}
{"level":"info","message":"Database tables initialized","timestamp":"2025-08-05T15:42:34.242Z"}
{"level":"info","message":"All cached sums cleared","timestamp":"2025-08-05T15:42:34.244Z"}
{"level":"info","message":"Processing sum request for 5 numbers","timestamp":"2025-08-05T15:42:34.256Z"}
{"level":"info","message":"Computing new sum","timestamp":"2025-08-05T15:42:34.258Z"}
{"level":"info","message":"Cached sum saved with ID: 41d9046f-3395-4ff0-9fb9-410fc837ed87","timestamp":"2025-08-05T15:42:34.259Z"}
{"level":"info","message":"Sum computed successfully: 15","timestamp":"2025-08-05T15:42:34.259Z"}
{"level":"info","message":"All cached sums cleared","timestamp":"2025-08-05T15:42:34.262Z"}
{"level":"info","message":"Processing sum request for 5 numbers","timestamp":"2025-08-05T15:42:34.270Z"}
{"level":"info","message":"Computing new sum","timestamp":"2025-08-05T15:42:34.270Z"}
{"level":"info","message":"Cached sum saved with ID: 3ce68442-526a-45da-bd20-f43fecd3813d","timestamp":"2025-08-05T15:42:34.272Z"}
{"level":"info","message":"Sum computed successfully: 15","timestamp":"2025-08-05T15:42:34.272Z"}
{"level":"info","message":"Processing sum request for 5 numbers","timestamp":"2025-08-05T15:42:34.274Z"}
{"level":"info","message":"Returning cached result","timestamp":"2025-08-05T15:42:34.274Z"}
{"level":"info","message":"Cached sum updated with ID: 3ce68442-526a-45da-bd20-f43fecd3813d","timestamp":"2025-08-05T15:42:34.275Z"}
{"level":"info","message":"Sum computed successfully: 15","timestamp":"2025-08-05T15:42:34.275Z"}
{"level":"info","message":"All cached sums cleared","timestamp":"2025-08-05T15:42:34.276Z"}
{"level":"info","message":"Processing sum request for 5 numbers","timestamp":"2025-08-05T15:42:34.278Z"}
{"level":"info","message":"Computing new sum","timestamp":"2025-08-05T15:42:34.278Z"}
{"level":"info","message":"Cached sum saved with ID: df5d0d3b-6567-4567-bc97-6b95678fe28e","timestamp":"2025-08-05T15:42:34.279Z"}
{"level":"info","message":"Sum computed successfully: 15","timestamp":"2025-08-05T15:42:34.279Z"}
{"level":"info","message":"Processing sum request for 5 numbers","timestamp":"2025-08-05T15:42:34.280Z"}
{"level":"info","message":"Returning cached result","timestamp":"2025-08-05T15:42:34.281Z"}
{"level":"info","message":"Cached sum updated with ID: df5d0d3b-6567-4567-bc97-6b95678fe28e","timestamp":"2025-08-05T15:42:34.283Z"}
{"level":"info","message":"Sum computed successfully: 15","timestamp":"2025-08-05T15:42:34.283Z"}
{"level":"info","message":"All cached sums cleared","timestamp":"2025-08-05T15:42:34.285Z"}
{"0":{"field":"numbers","message":"At least one number is required"},"level":"warn","message":"Validation failed:","timestamp":"2025-08-05T15:42:34.286Z"}
{"level":"info","message":"All cached sums cleared","timestamp":"2025-08-05T15:42:34.287Z"}
{"0":{"field":"numbers","message":"Numbers array is required"},"level":"warn","message":"Validation failed:","timestamp":"2025-08-05T15:42:34.288Z"}
{"level":"info","message":"All cached sums cleared","timestamp":"2025-08-05T15:42:34.289Z"}
{"0":{"field":"numbers","message":"\"numbers\" must be an array"},"level":"warn","message":"Validation failed:","timestamp":"2025-08-05T15:42:34.291Z"}
{"level":"info","message":"All cached sums cleared","timestamp":"2025-08-05T15:42:34.292Z"}
{"0":{"field":"numbers","message":"Maximum 1000 numbers allowed"},"level":"warn","message":"Validation failed:","timestamp":"2025-08-05T15:42:34.295Z"}
{"level":"info","message":"All cached sums cleared","timestamp":"2025-08-05T15:42:34.297Z"}
{"level":"info","message":"Processing sum request for 5 numbers","timestamp":"2025-08-05T15:42:34.299Z"}
{"level":"info","message":"Computing new sum","timestamp":"2025-08-05T15:42:34.299Z"}
{"level":"info","message":"Cached sum saved with ID: 06c7778c-821f-4582-a7d4-a6534c10a193","timestamp":"2025-08-05T15:42:34.300Z"}
{"level":"info","message":"Sum computed successfully: 3","timestamp":"2025-08-05T15:42:34.300Z"}
{"level":"info","message":"All cached sums cleared","timestamp":"2025-08-05T15:42:34.301Z"}
{"level":"info","message":"Processing sum request for 3 numbers","timestamp":"2025-08-05T15:42:34.302Z"}
{"level":"info","message":"Computing new sum","timestamp":"2025-08-05T15:42:34.302Z"}
{"level":"info","message":"Cached sum saved with ID: c2a17f97-0d8d-47c8-a938-efb8a07c611d","timestamp":"2025-08-05T15:42:34.303Z"}
{"level":"info","message":"Sum computed successfully: 7","timestamp":"2025-08-05T15:42:34.303Z"}
{"level":"info","message":"All cached sums cleared","timestamp":"2025-08-05T15:42:34.304Z"}
{"level":"info","message":"Retrieving all cached sums","timestamp":"2025-08-05T15:42:34.304Z"}
{"level":"info","message":"Retrieved 0 cached sums","timestamp":"2025-08-05T15:42:34.305Z"}
{"level":"info","message":"All cached sums cleared","timestamp":"2025-08-05T15:42:34.306Z"}
{"level":"info","message":"Processing sum request for 3 numbers","timestamp":"2025-08-05T15:42:34.307Z"}
{"level":"info","message":"Computing new sum","timestamp":"2025-08-05T15:42:34.307Z"}
{"level":"info","message":"Cached sum saved with ID: 9a0f6758-903f-4fca-814a-b13931416004","timestamp":"2025-08-05T15:42:34.308Z"}
{"level":"info","message":"Sum computed successfully: 6","timestamp":"2025-08-05T15:42:34.308Z"}
{"level":"info","message":"Processing sum request for 3 numbers","timestamp":"2025-08-05T15:42:34.313Z"}
{"level":"info","message":"Computing new sum","timestamp":"2025-08-05T15:42:34.313Z"}
{"level":"info","message":"Cached sum saved with ID: 4082ec20-d303-4a06-ba84-e84de2d0e8db","timestamp":"2025-08-05T15:42:34.314Z"}
{"level":"info","message":"Sum computed successfully: 15","timestamp":"2025-08-05T15:42:34.314Z"}
{"level":"info","message":"Retrieving all cached sums","timestamp":"2025-08-05T15:42:34.315Z"}
{"level":"info","message":"Retrieved 2 cached sums","timestamp":"2025-08-05T15:42:34.316Z"}
{"level":"info","message":"All cached sums cleared","timestamp":"2025-08-05T15:42:34.318Z"}
{"level":"info","message":"Processing sum request for 3 numbers","timestamp":"2025-08-05T15:42:34.319Z"}
{"level":"info","message":"Computing new sum","timestamp":"2025-08-05T15:42:34.319Z"}
{"level":"info","message":"Cached sum saved with ID: 72318692-4cb8-43d9-a41d-fd6aa9b59dc1","timestamp":"2025-08-05T15:42:34.320Z"}
{"level":"info","message":"Sum computed successfully: 6","timestamp":"2025-08-05T15:42:34.320Z"}
{"level":"info","message":"Retrieving cached sum with ID: 72318692-4cb8-43d9-a41d-fd6aa9b59dc1","timestamp":"2025-08-05T15:42:34.321Z"}
{"level":"info","message":"All cached sums cleared","timestamp":"2025-08-05T15:42:34.322Z"}
{"level":"info","message":"Retrieving cached sum with ID: non-existent-id","timestamp":"2025-08-05T15:42:34.322Z"}
{"level":"info","message":"All cached sums cleared","timestamp":"2025-08-05T15:42:34.326Z"}
{"level":"info","message":"Processing sum request for 3 numbers","timestamp":"2025-08-05T15:42:34.327Z"}
{"level":"info","message":"Computing new sum","timestamp":"2025-08-05T15:42:34.328Z"}
{"level":"info","message":"Cached sum saved with ID: fab6d07d-78bb-49cc-8a6e-f072aa88b039","timestamp":"2025-08-05T15:42:34.329Z"}
{"level":"info","message":"Sum computed successfully: 6","timestamp":"2025-08-05T15:42:34.329Z"}
{"level":"info","message":"Deleting cached sum with ID: fab6d07d-78bb-49cc-8a6e-f072aa88b039","timestamp":"2025-08-05T15:42:34.332Z"}
{"level":"info","message":"Cached sum deleted with ID: fab6d07d-78bb-49cc-8a6e-f072aa88b039","timestamp":"2025-08-05T15:42:34.332Z"}
{"level":"info","message":"Cached sum deleted: fab6d07d-78bb-49cc-8a6e-f072aa88b039","timestamp":"2025-08-05T15:42:34.332Z"}
{"level":"info","message":"Retrieving cached sum with ID: fab6d07d-78bb-49cc-8a6e-f072aa88b039","timestamp":"2025-08-05T15:42:34.333Z"}
{"level":"info","message":"All cached sums cleared","timestamp":"2025-08-05T15:42:34.334Z"}
{"level":"info","message":"Processing sum request for 3 numbers","timestamp":"2025-08-05T15:42:34.335Z"}
{"level":"info","message":"Computing new sum","timestamp":"2025-08-05T15:42:34.335Z"}
{"level":"info","message":"Cached sum saved with ID: d27db73d-41a3-4d74-9c74-37bb061dbf31","timestamp":"2025-08-05T15:42:34.336Z"}
{"level":"info","message":"Sum computed successfully: 6","timestamp":"2025-08-05T15:42:34.336Z"}
{"level":"info","message":"Processing sum request for 3 numbers","timestamp":"2025-08-05T15:42:34.336Z"}
{"level":"info","message":"Computing new sum","timestamp":"2025-08-05T15:42:34.337Z"}
{"level":"info","message":"Cached sum saved with ID: e950fa7c-8c76-486f-8b01-af05406041f2","timestamp":"2025-08-05T15:42:34.337Z"}
{"level":"info","message":"Sum computed successfully: 15","timestamp":"2025-08-05T15:42:34.337Z"}
{"level":"info","message":"Clearing all cached sums","timestamp":"2025-08-05T15:42:34.338Z"}
{"level":"info","message":"All cached sums cleared","timestamp":"2025-08-05T15:42:34.339Z"}
{"level":"info","message":"All cached sums cleared","timestamp":"2025-08-05T15:42:34.340Z"}
{"level":"info","message":"Retrieving all cached sums","timestamp":"2025-08-05T15:42:34.341Z"}
{"level":"info","message":"Retrieved 0 cached sums","timestamp":"2025-08-05T15:42:34.341Z"}
{"level":"info","message":"All cached sums cleared","timestamp":"2025-08-05T15:42:34.342Z"}
{"level":"info","message":"All cached sums cleared","timestamp":"2025-08-05T15:42:34.343Z"}
{"level":"info","message":"Database connection closed","timestamp":"2025-08-05T15:42:34.353Z"}
{"level":"info","message":"🚀 Server is running on port 3000","timestamp":"2025-08-05T15:43:14.844Z"}
{"level":"info","message":"📚 API Documentation available at http://localhost:3000/api-docs","timestamp":"2025-08-05T15:43:14.845Z"}
{"level":"info","message":"🏥 Health check available at http://localhost:3000/health","timestamp":"2025-08-05T15:43:14.845Z"}
{"level":"info","message":"Connected to SQLite database","timestamp":"2025-08-05T15:43:14.846Z"}
{"level":"info","message":"Database tables initialized","timestamp":"2025-08-05T15:43:14.847Z"}
{"level":"info","message":"Processing sum request for 3 numbers","timestamp":"2025-08-05T15:43:22.103Z"}
{"level":"info","message":"Computing new sum","timestamp":"2025-08-05T15:43:22.103Z"}
{"level":"info","message":"Cached sum saved with ID: 6da7a095-8306-4624-a303-0d2215f573ce","timestamp":"2025-08-05T15:43:22.104Z"}
{"level":"info","message":"Sum computed successfully: 6","timestamp":"2025-08-05T15:43:22.104Z"}
{"level":"info","message":"Processing sum request for 3 numbers","timestamp":"2025-08-05T15:43:29.805Z"}
{"level":"info","message":"Computing new sum","timestamp":"2025-08-05T15:43:29.805Z"}
{"level":"info","message":"Cached sum saved with ID: 2f95cc19-9e9b-4956-85ab-ff01cb52bf44","timestamp":"2025-08-05T15:43:29.806Z"}
{"level":"info","message":"Sum computed successfully: 15","timestamp":"2025-08-05T15:43:29.806Z"}
{"level":"info","message":"Retrieving all cached sums","timestamp":"2025-08-05T15:43:48.618Z"}
{"level":"info","message":"Retrieved 2 cached sums","timestamp":"2025-08-05T15:43:48.618Z"}
{"level":"info","message":"SIGTERM received, shutting down gracefully","timestamp":"2025-08-05T15:44:19.357Z"}
{"level":"info","message":"Connected to SQLite database","timestamp":"2025-08-05T15:44:25.543Z"}
{"level":"info","message":"Database tables initialized","timestamp":"2025-08-05T15:44:25.561Z"}
{"level":"info","message":"All cached sums cleared","timestamp":"2025-08-05T15:44:25.573Z"}
{"level":"info","message":"Processing sum request for 5 numbers","timestamp":"2025-08-05T15:44:25.578Z"}
{"level":"info","message":"Computing new sum","timestamp":"2025-08-05T15:44:25.584Z"}
{"level":"info","message":"Cached sum saved with ID: 92f8e26c-9091-470f-8c8b-137440104fa2","timestamp":"2025-08-05T15:44:25.586Z"}
{"level":"info","message":"All cached sums cleared","timestamp":"2025-08-05T15:44:25.610Z"}
{"level":"info","message":"Processing sum request for 5 numbers","timestamp":"2025-08-05T15:44:25.611Z"}
{"level":"info","message":"Computing new sum","timestamp":"2025-08-05T15:44:25.613Z"}
{"level":"info","message":"Cached sum saved with ID: 09645afc-12c7-44af-98aa-74bc67904842","timestamp":"2025-08-05T15:44:25.616Z"}
{"level":"info","message":"Processing sum request for 5 numbers","timestamp":"2025-08-05T15:44:25.621Z"}
{"level":"info","message":"Returning cached result","timestamp":"2025-08-05T15:44:25.623Z"}
{"level":"info","message":"Cached sum updated with ID: 09645afc-12c7-44af-98aa-74bc67904842","timestamp":"2025-08-05T15:44:25.626Z"}
{"level":"info","message":"All cached sums cleared","timestamp":"2025-08-05T15:44:25.636Z"}
{"level":"info","message":"Processing sum request for 5 numbers","timestamp":"2025-08-05T15:44:25.637Z"}
{"level":"info","message":"Computing new sum","timestamp":"2025-08-05T15:44:25.639Z"}
{"level":"info","message":"Cached sum saved with ID: cee9e6fa-6478-41f1-b7ab-209128e29cc6","timestamp":"2025-08-05T15:44:25.640Z"}
{"level":"info","message":"Processing sum request for 5 numbers","timestamp":"2025-08-05T15:44:25.643Z"}
{"level":"info","message":"Connected to SQLite database","timestamp":"2025-08-05T15:44:25.638Z"}
{"level":"info","message":"Returning cached result","timestamp":"2025-08-05T15:44:25.645Z"}
{"level":"info","message":"Cached sum updated with ID: cee9e6fa-6478-41f1-b7ab-209128e29cc6","timestamp":"2025-08-05T15:44:25.648Z"}
{"level":"info","message":"Database tables initialized","timestamp":"2025-08-05T15:44:25.648Z"}
{"level":"info","message":"All cached sums cleared","timestamp":"2025-08-05T15:44:25.651Z"}
{"level":"info","message":"Connected to SQLite database","timestamp":"2025-08-05T15:44:25.648Z"}
{"level":"info","message":"Database tables initialized","timestamp":"2025-08-05T15:44:25.656Z"}
{"level":"info","message":"Processing sum request for 1 numbers","timestamp":"2025-08-05T15:44:25.653Z"}
{"level":"info","message":"Computing new sum","timestamp":"2025-08-05T15:44:25.660Z"}
{"level":"info","message":"Cached sum saved with ID: 8d9e5701-3dc0-4fa6-987e-7f4d228cd011","timestamp":"2025-08-05T15:44:25.662Z"}
{"level":"info","message":"All cached sums cleared","timestamp":"2025-08-05T15:44:25.663Z"}
{"level":"info","message":"Processing sum request for 5 numbers","timestamp":"2025-08-05T15:44:25.664Z"}
{"level":"info","message":"Computing new sum","timestamp":"2025-08-05T15:44:25.666Z"}
{"level":"info","message":"Cached sum saved with ID: 511137e7-1ce9-4062-9e2f-123926abc9b9","timestamp":"2025-08-05T15:44:25.668Z"}
{"level":"info","message":"All cached sums cleared","timestamp":"2025-08-05T15:44:25.669Z"}
{"level":"info","message":"Processing sum request for 3 numbers","timestamp":"2025-08-05T15:44:25.670Z"}
{"level":"info","message":"Computing new sum","timestamp":"2025-08-05T15:44:25.670Z"}
{"level":"info","message":"Cached sum saved with ID: b3e8fe45-ff16-414c-a3ba-a0e23992b7da","timestamp":"2025-08-05T15:44:25.672Z"}
{"level":"info","message":"All cached sums cleared","timestamp":"2025-08-05T15:44:25.675Z"}
{"level":"info","message":"Retrieving all cached sums","timestamp":"2025-08-05T15:44:25.676Z"}
{"level":"info","message":"All cached sums cleared","timestamp":"2025-08-05T15:44:25.680Z"}
{"level":"info","message":"Processing sum request for 3 numbers","timestamp":"2025-08-05T15:44:25.681Z"}
{"level":"info","message":"Computing new sum","timestamp":"2025-08-05T15:44:25.682Z"}
{"level":"info","message":"Cached sum saved with ID: 7b87c0d9-2945-4b0c-9c3f-986a13fa3925","timestamp":"2025-08-05T15:44:25.684Z"}
{"level":"info","message":"Processing sum request for 3 numbers","timestamp":"2025-08-05T15:44:25.685Z"}
{"level":"info","message":"Computing new sum","timestamp":"2025-08-05T15:44:25.686Z"}
{"level":"info","message":"Cached sum saved with ID: e92afc66-14fb-4b2c-b596-45fe34c1194e","timestamp":"2025-08-05T15:44:25.693Z"}
{"level":"info","message":"Retrieving all cached sums","timestamp":"2025-08-05T15:44:25.694Z"}
{"level":"info","message":"All cached sums cleared","timestamp":"2025-08-05T15:44:25.701Z"}
{"level":"info","message":"Processing sum request for 3 numbers","timestamp":"2025-08-05T15:44:25.701Z"}
{"level":"info","message":"Computing new sum","timestamp":"2025-08-05T15:44:25.702Z"}
{"level":"info","message":"Cached sum saved with ID: 1894188a-0e10-4d29-8a69-cb2bbe0b0375","timestamp":"2025-08-05T15:44:25.702Z"}
{"level":"info","message":"Deleting cached sum with ID: 1894188a-0e10-4d29-8a69-cb2bbe0b0375","timestamp":"2025-08-05T15:44:25.702Z"}
{"level":"info","message":"Cached sum deleted with ID: 1894188a-0e10-4d29-8a69-cb2bbe0b0375","timestamp":"2025-08-05T15:44:25.703Z"}
{"level":"info","message":"Retrieving all cached sums","timestamp":"2025-08-05T15:44:25.703Z"}
{"level":"info","message":"All cached sums cleared","timestamp":"2025-08-05T15:44:25.705Z"}
{"level":"info","message":"Processing sum request for 3 numbers","timestamp":"2025-08-05T15:44:25.705Z"}
{"level":"info","message":"Computing new sum","timestamp":"2025-08-05T15:44:25.710Z"}
{"level":"info","message":"Cached sum saved with ID: 04ad29c1-6b4a-4a35-8902-ebaa126ace5a","timestamp":"2025-08-05T15:44:25.712Z"}
{"level":"info","message":"Processing sum request for 3 numbers","timestamp":"2025-08-05T15:44:25.713Z"}
{"level":"info","message":"Computing new sum","timestamp":"2025-08-05T15:44:25.713Z"}
{"level":"info","message":"Cached sum saved with ID: 2a7831ab-6388-4161-b969-eda6f162c3dc","timestamp":"2025-08-05T15:44:25.714Z"}
{"level":"info","message":"Clearing all cached sums","timestamp":"2025-08-05T15:44:25.715Z"}
{"level":"info","message":"All cached sums cleared","timestamp":"2025-08-05T15:44:25.718Z"}
{"level":"info","message":"Retrieving all cached sums","timestamp":"2025-08-05T15:44:25.719Z"}
{"level":"info","message":"All cached sums cleared","timestamp":"2025-08-05T15:44:25.721Z"}
{"level":"info","message":"Processing sum request for 3 numbers","timestamp":"2025-08-05T15:44:25.722Z"}
{"level":"info","message":"Computing new sum","timestamp":"2025-08-05T15:44:25.723Z"}
{"level":"info","message":"Cached sum saved with ID: c7bb7c1e-b632-451a-a12c-2e73a7bcabf1","timestamp":"2025-08-05T15:44:25.724Z"}
{"level":"info","message":"Retrieving cached sum with ID: c7bb7c1e-b632-451a-a12c-2e73a7bcabf1","timestamp":"2025-08-05T15:44:25.725Z"}
{"level":"info","message":"All cached sums cleared","timestamp":"2025-08-05T15:44:25.726Z"}
{"level":"info","message":"Retrieving cached sum with ID: non-existent-id","timestamp":"2025-08-05T15:44:25.727Z"}
{"level":"info","message":"Database connection closed","timestamp":"2025-08-05T15:44:25.741Z"}
{"level":"info","message":"Connected to SQLite database","timestamp":"2025-08-05T15:44:26.013Z"}
{"level":"info","message":"Database tables initialized","timestamp":"2025-08-05T15:44:26.016Z"}
{"level":"info","message":"🚀 Server is running on port 3000","timestamp":"2025-08-05T15:44:26.202Z"}
{"level":"info","message":"📚 API Documentation available at http://localhost:3000/api-docs","timestamp":"2025-08-05T15:44:26.205Z"}
{"level":"info","message":"🏥 Health check available at http://localhost:3000/health","timestamp":"2025-08-05T15:44:26.206Z"}
{"level":"info","message":"Connected to SQLite database","timestamp":"2025-08-05T15:44:26.207Z"}
{"level":"info","message":"Database tables initialized","timestamp":"2025-08-05T15:44:26.208Z"}
{"level":"info","message":"All cached sums cleared","timestamp":"2025-08-05T15:44:26.210Z"}
{"level":"info","message":"Processing sum request for 5 numbers","timestamp":"2025-08-05T15:44:26.221Z"}
{"level":"info","message":"Computing new sum","timestamp":"2025-08-05T15:44:26.226Z"}
{"level":"info","message":"Cached sum saved with ID: e03c9445-ede6-4b14-acc9-415ff71876bb","timestamp":"2025-08-05T15:44:26.227Z"}
{"level":"info","message":"Sum computed successfully: 15","timestamp":"2025-08-05T15:44:26.228Z"}
{"level":"info","message":"All cached sums cleared","timestamp":"2025-08-05T15:44:26.231Z"}
{"level":"info","message":"Processing sum request for 5 numbers","timestamp":"2025-08-05T15:44:26.233Z"}
{"level":"info","message":"Computing new sum","timestamp":"2025-08-05T15:44:26.234Z"}
{"level":"info","message":"Cached sum saved with ID: 7b2c49ea-683d-47d6-b67a-bb5f14459e41","timestamp":"2025-08-05T15:44:26.235Z"}
{"level":"info","message":"Sum computed successfully: 15","timestamp":"2025-08-05T15:44:26.235Z"}
{"level":"info","message":"Processing sum request for 5 numbers","timestamp":"2025-08-05T15:44:26.236Z"}
{"level":"info","message":"Returning cached result","timestamp":"2025-08-05T15:44:26.237Z"}
{"level":"info","message":"Cached sum updated with ID: 7b2c49ea-683d-47d6-b67a-bb5f14459e41","timestamp":"2025-08-05T15:44:26.237Z"}
{"level":"info","message":"Sum computed successfully: 15","timestamp":"2025-08-05T15:44:26.238Z"}
{"level":"info","message":"All cached sums cleared","timestamp":"2025-08-05T15:44:26.239Z"}
{"level":"info","message":"Processing sum request for 5 numbers","timestamp":"2025-08-05T15:44:26.240Z"}
{"level":"info","message":"Computing new sum","timestamp":"2025-08-05T15:44:26.241Z"}
{"level":"info","message":"Cached sum saved with ID: 8fd4ac1d-649c-4114-a0ff-e8fa8931d41d","timestamp":"2025-08-05T15:44:26.241Z"}
{"level":"info","message":"Sum computed successfully: 15","timestamp":"2025-08-05T15:44:26.241Z"}
{"level":"info","message":"Processing sum request for 5 numbers","timestamp":"2025-08-05T15:44:26.244Z"}
{"level":"info","message":"Returning cached result","timestamp":"2025-08-05T15:44:26.245Z"}
{"level":"info","message":"Cached sum updated with ID: 8fd4ac1d-649c-4114-a0ff-e8fa8931d41d","timestamp":"2025-08-05T15:44:26.246Z"}
{"level":"info","message":"Sum computed successfully: 15","timestamp":"2025-08-05T15:44:26.246Z"}
{"level":"info","message":"All cached sums cleared","timestamp":"2025-08-05T15:44:26.247Z"}
{"0":{"field":"numbers","message":"At least one number is required"},"level":"warn","message":"Validation failed:","timestamp":"2025-08-05T15:44:26.248Z"}
{"level":"info","message":"All cached sums cleared","timestamp":"2025-08-05T15:44:26.250Z"}
{"0":{"field":"numbers","message":"Numbers array is required"},"level":"warn","message":"Validation failed:","timestamp":"2025-08-05T15:44:26.251Z"}
{"level":"info","message":"All cached sums cleared","timestamp":"2025-08-05T15:44:26.251Z"}
{"0":{"field":"numbers","message":"\"numbers\" must be an array"},"level":"warn","message":"Validation failed:","timestamp":"2025-08-05T15:44:26.253Z"}
{"level":"info","message":"All cached sums cleared","timestamp":"2025-08-05T15:44:26.254Z"}
{"0":{"field":"numbers","message":"Maximum 1000 numbers allowed"},"level":"warn","message":"Validation failed:","timestamp":"2025-08-05T15:44:26.257Z"}
{"level":"info","message":"All cached sums cleared","timestamp":"2025-08-05T15:44:26.261Z"}
{"level":"info","message":"Processing sum request for 5 numbers","timestamp":"2025-08-05T15:44:26.262Z"}
{"level":"info","message":"Computing new sum","timestamp":"2025-08-05T15:44:26.262Z"}
{"level":"info","message":"Cached sum saved with ID: 722bbf5d-c5c3-4061-88e5-b971c49313ec","timestamp":"2025-08-05T15:44:26.263Z"}
{"level":"info","message":"Sum computed successfully: 3","timestamp":"2025-08-05T15:44:26.263Z"}
{"level":"info","message":"All cached sums cleared","timestamp":"2025-08-05T15:44:26.264Z"}
{"level":"info","message":"Processing sum request for 3 numbers","timestamp":"2025-08-05T15:44:26.265Z"}
{"level":"info","message":"Computing new sum","timestamp":"2025-08-05T15:44:26.266Z"}
{"level":"info","message":"Cached sum saved with ID: 13f30c3e-dca1-48ce-9636-1346944948dd","timestamp":"2025-08-05T15:44:26.266Z"}
{"level":"info","message":"Sum computed successfully: 7","timestamp":"2025-08-05T15:44:26.267Z"}
{"level":"info","message":"All cached sums cleared","timestamp":"2025-08-05T15:44:26.270Z"}
{"level":"info","message":"Retrieving all cached sums","timestamp":"2025-08-05T15:44:26.271Z"}
{"level":"info","message":"Retrieved 0 cached sums","timestamp":"2025-08-05T15:44:26.272Z"}
{"level":"info","message":"All cached sums cleared","timestamp":"2025-08-05T15:44:26.273Z"}
{"level":"info","message":"All cached sums cleared","timestamp":"2025-08-05T15:44:26.273Z"}
{"level":"info","message":"Processing sum request for 3 numbers","timestamp":"2025-08-05T15:44:26.274Z"}
{"level":"info","message":"Computing new sum","timestamp":"2025-08-05T15:44:26.276Z"}
{"level":"info","message":"Cached sum saved with ID: 4a8832d4-be5f-4698-8225-be838fa3adaf","timestamp":"2025-08-05T15:44:26.277Z"}
{"level":"info","message":"Sum computed successfully: 6","timestamp":"2025-08-05T15:44:26.277Z"}
{"level":"info","message":"Processing sum request for 3 numbers","timestamp":"2025-08-05T15:44:26.278Z"}
{"level":"info","message":"Computing new sum","timestamp":"2025-08-05T15:44:26.279Z"}
{"level":"info","message":"Cached sum saved with ID: c5d1a765-05be-4ff2-b5a6-3e6a4da206d6","timestamp":"2025-08-05T15:44:26.279Z"}
{"level":"info","message":"Sum computed successfully: 15","timestamp":"2025-08-05T15:44:26.279Z"}
{"level":"info","message":"Retrieving all cached sums","timestamp":"2025-08-05T15:44:26.280Z"}
{"level":"info","message":"Retrieved 2 cached sums","timestamp":"2025-08-05T15:44:26.281Z"}
{"level":"info","message":"All cached sums cleared","timestamp":"2025-08-05T15:44:26.283Z"}
{"level":"info","message":"Processing sum request for 3 numbers","timestamp":"2025-08-05T15:44:26.284Z"}
{"level":"info","message":"Computing new sum","timestamp":"2025-08-05T15:44:26.284Z"}
{"level":"info","message":"Cached sum saved with ID: c229cf8f-9cc7-4b08-a8c4-e07b2b02ce78","timestamp":"2025-08-05T15:44:26.285Z"}
{"level":"info","message":"Sum computed successfully: 6","timestamp":"2025-08-05T15:44:26.285Z"}
{"level":"info","message":"Retrieving cached sum with ID: c229cf8f-9cc7-4b08-a8c4-e07b2b02ce78","timestamp":"2025-08-05T15:44:26.286Z"}
{"level":"info","message":"All cached sums cleared","timestamp":"2025-08-05T15:44:26.287Z"}
{"level":"info","message":"Retrieving cached sum with ID: non-existent-id","timestamp":"2025-08-05T15:44:26.289Z"}
{"level":"info","message":"All cached sums cleared","timestamp":"2025-08-05T15:44:26.291Z"}
{"level":"info","message":"Processing sum request for 3 numbers","timestamp":"2025-08-05T15:44:26.291Z"}
{"level":"info","message":"Computing new sum","timestamp":"2025-08-05T15:44:26.292Z"}
{"level":"info","message":"Cached sum saved with ID: ed75ec26-9458-41c4-aa87-ea3b9969a65f","timestamp":"2025-08-05T15:44:26.292Z"}
{"level":"info","message":"Sum computed successfully: 6","timestamp":"2025-08-05T15:44:26.292Z"}
{"level":"info","message":"Deleting cached sum with ID: ed75ec26-9458-41c4-aa87-ea3b9969a65f","timestamp":"2025-08-05T15:44:26.293Z"}
{"level":"info","message":"Cached sum deleted with ID: ed75ec26-9458-41c4-aa87-ea3b9969a65f","timestamp":"2025-08-05T15:44:26.294Z"}
{"level":"info","message":"Cached sum deleted: ed75ec26-9458-41c4-aa87-ea3b9969a65f","timestamp":"2025-08-05T15:44:26.294Z"}
{"level":"info","message":"Retrieving cached sum with ID: ed75ec26-9458-41c4-aa87-ea3b9969a65f","timestamp":"2025-08-05T15:44:26.294Z"}
{"level":"info","message":"All cached sums cleared","timestamp":"2025-08-05T15:44:26.295Z"}
{"level":"info","message":"Processing sum request for 3 numbers","timestamp":"2025-08-05T15:44:26.296Z"}
{"level":"info","message":"Computing new sum","timestamp":"2025-08-05T15:44:26.296Z"}
{"level":"info","message":"Cached sum saved with ID: e532e162-72dc-43b5-a003-a304b77b6079","timestamp":"2025-08-05T15:44:26.297Z"}
{"level":"info","message":"Sum computed successfully: 6","timestamp":"2025-08-05T15:44:26.297Z"}
{"level":"info","message":"Processing sum request for 3 numbers","timestamp":"2025-08-05T15:44:26.298Z"}
{"level":"info","message":"Computing new sum","timestamp":"2025-08-05T15:44:26.298Z"}
{"level":"info","message":"Cached sum saved with ID: ab08dd00-3918-4590-bf98-8e2dac854a65","timestamp":"2025-08-05T15:44:26.299Z"}
{"level":"info","message":"Sum computed successfully: 15","timestamp":"2025-08-05T15:44:26.299Z"}
{"level":"info","message":"Clearing all cached sums","timestamp":"2025-08-05T15:44:26.300Z"}
{"level":"info","message":"All cached sums cleared","timestamp":"2025-08-05T15:44:26.301Z"}
{"level":"info","message":"All cached sums cleared","timestamp":"2025-08-05T15:44:26.301Z"}
{"level":"info","message":"Retrieving all cached sums","timestamp":"2025-08-05T15:44:26.302Z"}
{"level":"info","message":"Retrieved 0 cached sums","timestamp":"2025-08-05T15:44:26.302Z"}
{"level":"info","message":"All cached sums cleared","timestamp":"2025-08-05T15:44:26.303Z"}
{"level":"info","message":"All cached sums cleared","timestamp":"2025-08-05T15:44:26.304Z"}
{"level":"info","message":"Database connection closed","timestamp":"2025-08-05T15:44:26.315Z"}
